;;; 
Export: Release 11.2.0.1.0 - Production on Sun Jun 9 21:50:27 2019

Copyright (c) 1982, 2009, Oracle and/or its affiliates.  All rights reserved.
;;; 
Connected to: Oracle Database 11g Enterprise Edition Release 11.2.0.1.0 - Production
With the Partitioning, OLAP, Data Mining and Real Application Testing options
Starting "ANURAG"."SYS_EXPORT_SCHEMA_01":  anurag/******** schemas=anurag directory=PROJECTFILES dumpfile=ProjectSchemas.DMP logfile=ProjectSchemas.log 
Estimate in progress using BLOCKS method...
Processing object type SCHEMA_EXPORT/TABLE/TABLE_DATA
Total estimation using BLOCKS method: 512 KB
Processing object type SCHEMA_EXPORT/PRE_SCHEMA/PROCACT_SCHEMA
Processing object type SCHEMA_EXPORT/SEQUENCE/SEQUENCE
Processing object type SCHEMA_EXPORT/TABLE/TABLE
Processing object type SCHEMA_EXPORT/TABLE/INDEX/INDEX
Processing object type SCHEMA_EXPORT/TABLE/CONSTRAINT/CONSTRAINT
Processing object type SCHEMA_EXPORT/TABLE/INDEX/STATISTICS/INDEX_STATISTICS
Processing object type SCHEMA_EXPORT/TABLE/COMMENT
Processing object type SCHEMA_EXPORT/TABLE/CONSTRAINT/REF_CONSTRAINT
Processing object type SCHEMA_EXPORT/TABLE/STATISTICS/TABLE_STATISTICS
. . exported "ANURAG"."BOOK_ORDER"                       22.75 KB      79 rows
. . exported "ANURAG"."BOOK_STOCK"                       17.49 KB       7 rows
. . exported "ANURAG"."EMP"                              5.468 KB       1 rows
. . exported "ANURAG"."LOGIN_DTLS"                       7.992 KB       9 rows
. . exported "ANURAG"."PAYMENT"                          7.242 KB      12 rows
. . exported "ANURAG"."SELLER"                           5.492 KB       2 rows
. . exported "ANURAG"."TEST2"                            5.046 KB       1 rows
. . exported "ANURAG"."USER_SHIPPING_ADDRESS"            6.562 KB      15 rows
. . exported "ANURAG"."SHOPPING_CART"                        0 KB       0 rows
Master table "ANURAG"."SYS_EXPORT_SCHEMA_01" successfully loaded/unloaded
******************************************************************************
Dump file set for ANURAG.SYS_EXPORT_SCHEMA_01 is:
  D:\CORE JAVA PROJECT\NEW FOLDER\HTTML\UPLOADEDFILE\PROJECTSCHEMAS.DMP
Job "ANURAG"."SYS_EXPORT_SCHEMA_01" successfully completed at 21:51:13
